<?xml version="1.0" encoding="utf-8"?><testsuites name="pytest tests"><testsuite name="pytest" errors="0" failures="0" skipped="0" tests="5" time="50.517" timestamp="2026-05-11T08:53:00.597327+00:00" hostname="agent-env-33934bf9-0ad3-4221-a21d-05600bedb4eb"><testcase classname="backend.tests.test_supabase_migration" name="test_jsonb_fields_serialize_as_lists" time="11.070" /><testcase classname="backend.tests.test_supabase_migration" name="test_cascade_delete_removes_dependencies_and_revisions" time="14.408" /><testcase classname="backend.tests.test_supabase_migration" name="test_edge_kinds_valid" time="1.129" /><testcase classname="backend.tests.test_supabase_migration" name="test_create_persists_in_postgres" time="5.860" /><testcase classname="backend.tests.test_supabase_migration" name="test_seed_demo_multi_session" time="17.981" /></testsuite></testsuites>