<?xml version="1.0" encoding="utf-8"?><testsuites name="pytest tests"><testsuite name="pytest" errors="0" failures="0" skipped="0" tests="16" time="59.280" timestamp="2026-05-11T08:51:34.404588+00:00" hostname="agent-env-33934bf9-0ad3-4221-a21d-05600bedb4eb"><testcase classname="backend.tests.test_belief_ledger" name="test_root" time="1.512" /><testcase classname="backend.tests.test_belief_ledger" name="test_entry_too_short" time="0.045" /><testcase classname="backend.tests.test_belief_ledger" name="test_create_first_entry" time="2.782" /><testcase classname="backend.tests.test_belief_ledger" name="test_list_beliefs_has_centrality" time="0.924" /><testcase classname="backend.tests.test_belief_ledger" name="test_belief_detail" time="2.021" /><testcase classname="backend.tests.test_belief_ledger" name="test_belief_not_found" time="0.702" /><testcase classname="backend.tests.test_belief_ledger" name="test_ledger" time="1.148" /><testcase classname="backend.tests.test_belief_ledger" name="test_graph" time="1.144" /><testcase classname="backend.tests.test_belief_ledger" name="test_contradiction_entry" time="7.738" /><testcase classname="backend.tests.test_belief_ledger" name="test_crux" time="2.148" /><testcase classname="backend.tests.test_belief_ledger" name="test_scan" time="1.477" /><testcase classname="backend.tests.test_belief_ledger" name="test_scan_too_short" time="0.055" /><testcase classname="backend.tests.test_belief_ledger" name="test_delete_belief" time="2.760" /><testcase classname="backend.tests.test_belief_ledger" name="test_reset" time="2.282" /><testcase classname="backend.tests.test_belief_ledger" name="test_ripple_404" time="0.704" /><testcase classname="backend.tests.test_belief_ledger" name="test_zz_seed_demo_and_cruxes_and_ripple" time="31.636" /></testsuite></testsuites>