<?xml version="1.0" encoding="utf-8"?><testsuites name="pytest tests"><testsuite name="pytest" errors="0" failures="0" skipped="0" tests="15" time="32.543" timestamp="2026-05-11T13:06:49.729543+00:00" hostname="agent-env-33934bf9-0ad3-4221-a21d-05600bedb4eb"><testcase classname="backend.tests.test_belief_ledger" name="test_root" time="2.569" /><testcase classname="backend.tests.test_belief_ledger" name="test_entry_too_short" time="0.070" /><testcase classname="backend.tests.test_belief_ledger" name="test_create_first_entry" time="3.239" /><testcase classname="backend.tests.test_belief_ledger" name="test_list_beliefs_has_centrality" time="0.941" /><testcase classname="backend.tests.test_belief_ledger" name="test_belief_detail" time="1.612" /><testcase classname="backend.tests.test_belief_ledger" name="test_belief_not_found" time="0.727" /><testcase classname="backend.tests.test_belief_ledger" name="test_ledger" time="1.169" /><testcase classname="backend.tests.test_belief_ledger" name="test_graph" time="1.167" /><testcase classname="backend.tests.test_belief_ledger" name="test_contradiction_entry" time="8.580" /><testcase classname="backend.tests.test_belief_ledger" name="test_crux" time="2.173" /><testcase classname="backend.tests.test_belief_ledger" name="test_scan" time="1.516" /><testcase classname="backend.tests.test_belief_ledger" name="test_scan_too_short" time="0.068" /><testcase classname="backend.tests.test_belief_ledger" name="test_delete_belief" time="3.072" /><testcase classname="backend.tests.test_belief_ledger" name="test_reset" time="2.338" /><testcase classname="backend.tests.test_belief_ledger" name="test_ripple_404" time="2.984" /></testsuite></testsuites>