<?xml version="1.0" encoding="utf-8"?><testsuites name="pytest tests"><testsuite name="pytest" errors="0" failures="0" skipped="0" tests="16" time="53.711" timestamp="2026-05-11T06:47:43.457450+00:00" hostname="agent-env-33934bf9-0ad3-4221-a21d-05600bedb4eb"><testcase classname="backend.tests.test_belief_ledger" name="test_root" time="0.178" /><testcase classname="backend.tests.test_belief_ledger" name="test_entry_too_short" time="0.049" /><testcase classname="backend.tests.test_belief_ledger" name="test_create_first_entry" time="4.289" /><testcase classname="backend.tests.test_belief_ledger" name="test_list_beliefs_has_centrality" time="0.050" /><testcase classname="backend.tests.test_belief_ledger" name="test_belief_detail" time="0.053" /><testcase classname="backend.tests.test_belief_ledger" name="test_belief_not_found" time="0.057" /><testcase classname="backend.tests.test_belief_ledger" name="test_ledger" time="0.049" /><testcase classname="backend.tests.test_belief_ledger" name="test_graph" time="0.051" /><testcase classname="backend.tests.test_belief_ledger" name="test_contradiction_entry" time="5.223" /><testcase classname="backend.tests.test_belief_ledger" name="test_crux" time="3.173" /><testcase classname="backend.tests.test_belief_ledger" name="test_scan" time="7.669" /><testcase classname="backend.tests.test_belief_ledger" name="test_scan_too_short" time="0.049" /><testcase classname="backend.tests.test_belief_ledger" name="test_delete_belief" time="0.150" /><testcase classname="backend.tests.test_belief_ledger" name="test_reset" time="0.096" /><testcase classname="backend.tests.test_belief_ledger" name="test_ripple_404" time="0.056" /><testcase classname="backend.tests.test_belief_ledger" name="test_zz_seed_demo_and_cruxes_and_ripple" time="32.422" /></testsuite></testsuites>